<?xml version="1.0" encoding="UTF-8"?>
<!-- Generated by org.testng.reporters.JUnitReportReporter -->
<testsuite hostname="Our-pc" failures="0" tests="1" name="test.AddCustomertTest" time="11.428" errors="0" timestamp="2023-10-15T19:13:31 CDT" skipped="0">
  <testcase classname="test.AddCustomertTest" name="userShouldBeAbleToAddCustomer" time="11.428"/>
</testsuite> <!-- test.AddCustomertTest -->
